<?xml version="1.0" encoding="UTF-8"?>
<!-- Generated by org.testng.reporters.JUnitXMLReporter -->
<testsuite hostname="DESKTOP-6NOFB2P" ignored="0" name="GUI test1" tests="5" failures="0" timestamp="15 Aug 2017 10:31:16 GMT" time="256.995" errors="0">
  <testcase name="tc_001" time="31.845" classname="com.DomibusGUI.TestDomibus"/>
  <testcase name="tc_002" time="36.155" classname="com.DomibusGUI.TestDomibus"/>
  <testcase name="tc_003" time="52.396" classname="com.DomibusGUI.TestDomibus"/>
  <testcase name="tc_004" time="55.996" classname="com.DomibusGUI.TestDomibus"/>
  <testcase name="tc_005" time="79.794" classname="com.DomibusGUI.TestDomibus"/>
</testsuite> <!-- GUI test1 -->
